<?xml version="1.0" encoding="UTF-8"?>
<coverage generated="1541194367004" clover="3.2.0">
  <project timestamp="1541194367004" name="All files">
    <metrics statements="66" coveredstatements="55" conditionals="45" coveredconditionals="34" methods="27" coveredmethods="18" elements="138" coveredelements="107" complexity="0" loc="66" ncloc="66" packages="1" files="3" classes="3">
      <file name="coffeeUI.js" path="/Users/aeden/Documents/projects/school/sweetcoffee2/src/coffeeUI.js">
        <metrics statements="8" coveredstatements="8" conditionals="6" coveredconditionals="3" methods="1" coveredmethods="1"/>
        <line num="6" count="2" type="stmt"/>
        <line num="14" count="3" type="stmt"/>
        <line num="16" count="3" type="stmt"/>
        <line num="17" count="3" type="stmt"/>
        <line num="19" count="3" type="cond" truecount="1" falsecount="1"/>
        <line num="20" count="3" type="cond" truecount="1" falsecount="1"/>
        <line num="21" count="3" type="cond" truecount="1" falsecount="1"/>
        <line num="23" count="3" type="stmt"/>
      </file>
      <file name="errors.js" path="/Users/aeden/Documents/projects/school/sweetcoffee2/src/errors.js">
        <metrics statements="10" coveredstatements="9" conditionals="6" coveredconditionals="4" methods="1" coveredmethods="1"/>
        <line num="3" count="2" type="stmt"/>
        <line num="4" count="1" type="stmt"/>
        <line num="6" count="1" type="stmt"/>
        <line num="15" count="1" type="stmt"/>
        <line num="17" count="1" type="cond" truecount="1" falsecount="1"/>
        <line num="18" count="0" type="stmt"/>
        <line num="19" count="1" type="cond" truecount="3" falsecount="1"/>
        <line num="20" count="1" type="stmt"/>
        <line num="23" count="1" type="stmt"/>
        <line num="25" count="1" type="stmt"/>
      </file>
      <file name="index.js" path="/Users/aeden/Documents/projects/school/sweetcoffee2/src/index.js">
        <metrics statements="48" coveredstatements="38" conditionals="33" coveredconditionals="27" methods="25" coveredmethods="16"/>
        <line num="10" count="3" type="stmt"/>
        <line num="11" count="3" type="stmt"/>
        <line num="29" count="3" type="stmt"/>
        <line num="33" count="2" type="stmt"/>
        <line num="35" count="0" type="stmt"/>
        <line num="42" count="3" type="stmt"/>
        <line num="43" count="3" type="stmt"/>
        <line num="45" count="0" type="stmt"/>
        <line num="52" count="1" type="stmt"/>
        <line num="54" count="0" type="cond" truecount="0" falsecount="2"/>
        <line num="55" count="0" type="stmt"/>
        <line num="68" count="5" type="stmt"/>
        <line num="69" count="5" type="cond" truecount="4" falsecount="0"/>
        <line num="70" count="1" type="stmt"/>
        <line num="71" count="4" type="cond" truecount="4" falsecount="0"/>
        <line num="72" count="1" type="stmt"/>
        <line num="73" count="3" type="cond" truecount="4" falsecount="0"/>
        <line num="74" count="1" type="stmt"/>
        <line num="76" count="2" type="stmt"/>
        <line num="81" count="1" type="stmt"/>
        <line num="89" count="1" type="stmt"/>
        <line num="90" count="1" type="stmt"/>
        <line num="91" count="1" type="stmt"/>
        <line num="92" count="1" type="stmt"/>
        <line num="93" count="1" type="stmt"/>
        <line num="103" count="1" type="stmt"/>
        <line num="108" count="1" type="stmt"/>
        <line num="109" count="1" type="stmt"/>
        <line num="118" count="1" type="stmt"/>
        <line num="119" count="1" type="stmt"/>
        <line num="136" count="11" type="stmt"/>
        <line num="138" count="11" type="stmt"/>
        <line num="139" count="12" type="cond" truecount="1" falsecount="1"/>
        <line num="140" count="0" type="stmt"/>
        <line num="144" count="0" type="stmt"/>
        <line num="150" count="12" type="cond" truecount="1" falsecount="1"/>
        <line num="155" count="0" type="stmt"/>
        <line num="162" count="12" type="cond" truecount="2" falsecount="0"/>
        <line num="163" count="2" type="stmt"/>
        <line num="165" count="0" type="stmt"/>
        <line num="168" count="10" type="cond" truecount="2" falsecount="0"/>
        <line num="169" count="2" type="stmt"/>
        <line num="171" count="0" type="stmt"/>
        <line num="175" count="8" type="stmt"/>
        <line num="177" count="0" type="stmt"/>
        <line num="184" count="11" type="cond" truecount="2" falsecount="0"/>
        <line num="198" count="11" type="stmt"/>
        <line num="202" count="1" type="stmt"/>
      </file>
    </metrics>
  </project>
</coverage>
