{"/Users/aeden/Documents/projects/school/sweetcoffee2/src/coffeeUI.js": {"path":"/Users/aeden/Documents/projects/school/sweetcoffee2/src/coffeeUI.js","statementMap":{"0":{"start":{"line":6,"column":17},"end":{"line":74,"column":1}},"1":{"start":{"line":14,"column":6},"end":{"line":14,"column":11}},"2":{"start":{"line":16,"column":22},"end":{"line":16,"column":54}},"3":{"start":{"line":17,"column":23},"end":{"line":17,"column":40}},"4":{"start":{"line":19,"column":17},"end":{"line":19,"column":50}},"5":{"start":{"line":20,"column":19},"end":{"line":20,"column":44}},"6":{"start":{"line":21,"column":18},"end":{"line":21,"column":41}},"7":{"start":{"line":23,"column":2},"end":{"line":73,"column":4}}},"fnMap":{"0":{"name":"(anonymous_0)","decl":{"start":{"line":6,"column":17},"end":{"line":6,"column":18}},"loc":{"start":{"line":6,"column":26},"end":{"line":74,"column":1}},"line":6}},"branchMap":{"0":{"loc":{"start":{"line":19,"column":17},"end":{"line":19,"column":50}},"type":"cond-expr","locations":[{"start":{"line":19,"column":24},"end":{"line":19,"column":35}},{"start":{"line":19,"column":38},"end":{"line":19,"column":50}}],"line":19},"1":{"loc":{"start":{"line":20,"column":19},"end":{"line":20,"column":44}},"type":"cond-expr","locations":[{"start":{"line":20,"column":33},"end":{"line":20,"column":38}},{"start":{"line":20,"column":41},"end":{"line":20,"column":44}}],"line":20},"2":{"loc":{"start":{"line":21,"column":18},"end":{"line":21,"column":41}},"type":"cond-expr","locations":[{"start":{"line":21,"column":31},"end":{"line":21,"column":35}},{"start":{"line":21,"column":38},"end":{"line":21,"column":41}}],"line":21}},"s":{"0":2,"1":3,"2":3,"3":3,"4":3,"5":3,"6":3,"7":3},"f":{"0":3},"b":{"0":[0,3],"1":[0,3],"2":[0,3]},"_coverageSchema":"332fd63041d2c1bcb487cc26dd0d5f7d97098a6c","hash":"3b8bcc144dd274fb93be84f6df0c2f2fc1c10413"}
,"/Users/aeden/Documents/projects/school/sweetcoffee2/src/errors.js": {"path":"/Users/aeden/Documents/projects/school/sweetcoffee2/src/errors.js","statementMap":{"0":{"start":{"line":3,"column":15},"end":{"line":30,"column":1}},"1":{"start":{"line":4,"column":24},"end":{"line":4,"column":29}},"2":{"start":{"line":6,"column":17},"end":{"line":14,"column":3}},"3":{"start":{"line":15,"column":14},"end":{"line":15,"column":21}},"4":{"start":{"line":17,"column":2},"end":{"line":21,"column":3}},"5":{"start":{"line":18,"column":4},"end":{"line":18,"column":23}},"6":{"start":{"line":19,"column":9},"end":{"line":21,"column":3}},"7":{"start":{"line":20,"column":4},"end":{"line":20,"column":32}},"8":{"start":{"line":23,"column":23},"end":{"line":23,"column":119}},"9":{"start":{"line":25,"column":2},"end":{"line":29,"column":4}}},"fnMap":{"0":{"name":"(anonymous_0)","decl":{"start":{"line":3,"column":15},"end":{"line":3,"column":16}},"loc":{"start":{"line":3,"column":24},"end":{"line":30,"column":1}},"line":3}},"branchMap":{"0":{"loc":{"start":{"line":17,"column":2},"end":{"line":21,"column":3}},"type":"if","locations":[{"start":{"line":17,"column":2},"end":{"line":21,"column":3}},{"start":{"line":17,"column":2},"end":{"line":21,"column":3}}],"line":17},"1":{"loc":{"start":{"line":19,"column":9},"end":{"line":21,"column":3}},"type":"if","locations":[{"start":{"line":19,"column":9},"end":{"line":21,"column":3}},{"start":{"line":19,"column":9},"end":{"line":21,"column":3}}],"line":19},"2":{"loc":{"start":{"line":19,"column":13},"end":{"line":19,"column":33}},"type":"binary-expr","locations":[{"start":{"line":19,"column":13},"end":{"line":19,"column":28}},{"start":{"line":19,"column":32},"end":{"line":19,"column":33}}],"line":19}},"s":{"0":2,"1":1,"2":1,"3":1,"4":1,"5":0,"6":1,"7":1,"8":1,"9":1},"f":{"0":1},"b":{"0":[0,1],"1":[1,0],"2":[1,1]},"_coverageSchema":"332fd63041d2c1bcb487cc26dd0d5f7d97098a6c","hash":"856671a044e6131b9417bc4519699d82bf1966be"}
,"/Users/aeden/Documents/projects/school/sweetcoffee2/src/index.js": {"path":"/Users/aeden/Documents/projects/school/sweetcoffee2/src/index.js","statementMap":{"0":{"start":{"line":10,"column":4},"end":{"line":10,"column":17}},"1":{"start":{"line":11,"column":4},"end":{"line":27,"column":6}},"2":{"start":{"line":29,"column":4},"end":{"line":29,"column":22}},"3":{"start":{"line":33,"column":4},"end":{"line":38,"column":6}},"4":{"start":{"line":35,"column":8},"end":{"line":35,"column":39}},"5":{"start":{"line":42,"column":23},"end":{"line":42,"column":52}},"6":{"start":{"line":43,"column":4},"end":{"line":48,"column":6}},"7":{"start":{"line":45,"column":8},"end":{"line":45,"column":77}},"8":{"start":{"line":45,"column":51},"end":{"line":45,"column":75}},"9":{"start":{"line":52,"column":4},"end":{"line":59,"column":6}},"10":{"start":{"line":54,"column":8},"end":{"line":56,"column":40}},"11":{"start":{"line":55,"column":46},"end":{"line":55,"column":63}},"12":{"start":{"line":68,"column":8},"end":{"line":68,"column":18}},"13":{"start":{"line":69,"column":4},"end":{"line":77,"column":5}},"14":{"start":{"line":70,"column":6},"end":{"line":70,"column":78}},"15":{"start":{"line":70,"column":58},"end":{"line":70,"column":76}},"16":{"start":{"line":71,"column":11},"end":{"line":77,"column":5}},"17":{"start":{"line":72,"column":6},"end":{"line":72,"column":77}},"18":{"start":{"line":72,"column":57},"end":{"line":72,"column":75}},"19":{"start":{"line":73,"column":11},"end":{"line":77,"column":5}},"20":{"start":{"line":74,"column":6},"end":{"line":74,"column":65}},"21":{"start":{"line":74,"column":45},"end":{"line":74,"column":63}},"22":{"start":{"line":76,"column":6},"end":{"line":76,"column":24}},"23":{"start":{"line":81,"column":4},"end":{"line":81,"column":65}},"24":{"start":{"line":81,"column":38},"end":{"line":81,"column":63}},"25":{"start":{"line":89,"column":8},"end":{"line":89,"column":18}},"26":{"start":{"line":90,"column":20},"end":{"line":90,"column":38}},"27":{"start":{"line":91,"column":21},"end":{"line":91,"column":41}},"28":{"start":{"line":92,"column":21},"end":{"line":92,"column":38}},"29":{"start":{"line":93,"column":4},"end":{"line":104,"column":6}},"30":{"start":{"line":103,"column":12},"end":{"line":103,"column":30}},"31":{"start":{"line":108,"column":22},"end":{"line":108,"column":32}},"32":{"start":{"line":109,"column":4},"end":{"line":114,"column":7}},"33":{"start":{"line":118,"column":22},"end":{"line":118,"column":32}},"34":{"start":{"line":119,"column":4},"end":{"line":124,"column":7}},"35":{"start":{"line":136,"column":8},"end":{"line":136,"column":18}},"36":{"start":{"line":138,"column":19},"end":{"line":181,"column":5}},"37":{"start":{"line":139,"column":6},"end":{"line":180,"column":7}},"38":{"start":{"line":140,"column":8},"end":{"line":149,"column":10}},"39":{"start":{"line":144,"column":29},"end":{"line":144,"column":49}},"40":{"start":{"line":150,"column":13},"end":{"line":180,"column":7}},"41":{"start":{"line":155,"column":8},"end":{"line":161,"column":10}},"42":{"start":{"line":162,"column":13},"end":{"line":180,"column":7}},"43":{"start":{"line":163,"column":8},"end":{"line":167,"column":10}},"44":{"start":{"line":165,"column":35},"end":{"line":165,"column":58}},"45":{"start":{"line":168,"column":13},"end":{"line":180,"column":7}},"46":{"start":{"line":169,"column":8},"end":{"line":173,"column":10}},"47":{"start":{"line":171,"column":35},"end":{"line":171,"column":58}},"48":{"start":{"line":175,"column":8},"end":{"line":179,"column":10}},"49":{"start":{"line":177,"column":35},"end":{"line":177,"column":58}},"50":{"start":{"line":184,"column":6},"end":{"line":196,"column":7}},"51":{"start":{"line":198,"column":4},"end":{"line":198,"column":16}},"52":{"start":{"line":202,"column":0},"end":{"line":205,"column":2}}},"fnMap":{"0":{"name":"(anonymous_0)","decl":{"start":{"line":9,"column":2},"end":{"line":9,"column":3}},"loc":{"start":{"line":9,"column":21},"end":{"line":30,"column":3}},"line":9},"1":{"name":"(anonymous_1)","decl":{"start":{"line":32,"column":15},"end":{"line":32,"column":16}},"loc":{"start":{"line":32,"column":21},"end":{"line":39,"column":3}},"line":32},"2":{"name":"(anonymous_2)","decl":{"start":{"line":34,"column":6},"end":{"line":34,"column":7}},"loc":{"start":{"line":34,"column":17},"end":{"line":36,"column":7}},"line":34},"3":{"name":"(anonymous_3)","decl":{"start":{"line":41,"column":15},"end":{"line":41,"column":16}},"loc":{"start":{"line":41,"column":21},"end":{"line":49,"column":3}},"line":41},"4":{"name":"(anonymous_4)","decl":{"start":{"line":44,"column":6},"end":{"line":44,"column":7}},"loc":{"start":{"line":44,"column":17},"end":{"line":46,"column":7}},"line":44},"5":{"name":"(anonymous_5)","decl":{"start":{"line":45,"column":45},"end":{"line":45,"column":46}},"loc":{"start":{"line":45,"column":51},"end":{"line":45,"column":75}},"line":45},"6":{"name":"(anonymous_6)","decl":{"start":{"line":51,"column":18},"end":{"line":51,"column":19}},"loc":{"start":{"line":51,"column":34},"end":{"line":60,"column":3}},"line":51},"7":{"name":"(anonymous_7)","decl":{"start":{"line":53,"column":6},"end":{"line":53,"column":7}},"loc":{"start":{"line":53,"column":17},"end":{"line":57,"column":7}},"line":53},"8":{"name":"(anonymous_8)","decl":{"start":{"line":55,"column":40},"end":{"line":55,"column":41}},"loc":{"start":{"line":55,"column":46},"end":{"line":55,"column":63}},"line":55},"9":{"name":"(anonymous_9)","decl":{"start":{"line":62,"column":16},"end":{"line":62,"column":17}},"loc":{"start":{"line":62,"column":22},"end":{"line":78,"column":3}},"line":62},"10":{"name":"(anonymous_10)","decl":{"start":{"line":70,"column":52},"end":{"line":70,"column":53}},"loc":{"start":{"line":70,"column":58},"end":{"line":70,"column":76}},"line":70},"11":{"name":"(anonymous_11)","decl":{"start":{"line":72,"column":51},"end":{"line":72,"column":52}},"loc":{"start":{"line":72,"column":57},"end":{"line":72,"column":75}},"line":72},"12":{"name":"(anonymous_12)","decl":{"start":{"line":74,"column":39},"end":{"line":74,"column":40}},"loc":{"start":{"line":74,"column":45},"end":{"line":74,"column":63}},"line":74},"13":{"name":"(anonymous_13)","decl":{"start":{"line":80,"column":18},"end":{"line":80,"column":19}},"loc":{"start":{"line":80,"column":24},"end":{"line":82,"column":3}},"line":80},"14":{"name":"(anonymous_14)","decl":{"start":{"line":81,"column":32},"end":{"line":81,"column":33}},"loc":{"start":{"line":81,"column":38},"end":{"line":81,"column":63}},"line":81},"15":{"name":"(anonymous_15)","decl":{"start":{"line":84,"column":14},"end":{"line":84,"column":15}},"loc":{"start":{"line":84,"column":31},"end":{"line":105,"column":3}},"line":84},"16":{"name":"(anonymous_16)","decl":{"start":{"line":103,"column":6},"end":{"line":103,"column":7}},"loc":{"start":{"line":103,"column":12},"end":{"line":103,"column":30}},"line":103},"17":{"name":"(anonymous_17)","decl":{"start":{"line":107,"column":9},"end":{"line":107,"column":10}},"loc":{"start":{"line":107,"column":18},"end":{"line":115,"column":3}},"line":107},"18":{"name":"(anonymous_18)","decl":{"start":{"line":117,"column":10},"end":{"line":117,"column":11}},"loc":{"start":{"line":117,"column":19},"end":{"line":125,"column":3}},"line":117},"19":{"name":"(anonymous_19)","decl":{"start":{"line":127,"column":2},"end":{"line":127,"column":3}},"loc":{"start":{"line":127,"column":11},"end":{"line":199,"column":3}},"line":127},"20":{"name":"(anonymous_20)","decl":{"start":{"line":138,"column":19},"end":{"line":138,"column":20}},"loc":{"start":{"line":138,"column":27},"end":{"line":181,"column":5}},"line":138},"21":{"name":"(anonymous_21)","decl":{"start":{"line":144,"column":23},"end":{"line":144,"column":24}},"loc":{"start":{"line":144,"column":29},"end":{"line":144,"column":49}},"line":144},"22":{"name":"(anonymous_22)","decl":{"start":{"line":165,"column":29},"end":{"line":165,"column":30}},"loc":{"start":{"line":165,"column":35},"end":{"line":165,"column":58}},"line":165},"23":{"name":"(anonymous_23)","decl":{"start":{"line":171,"column":29},"end":{"line":171,"column":30}},"loc":{"start":{"line":171,"column":35},"end":{"line":171,"column":58}},"line":171},"24":{"name":"(anonymous_24)","decl":{"start":{"line":177,"column":29},"end":{"line":177,"column":30}},"loc":{"start":{"line":177,"column":35},"end":{"line":177,"column":58}},"line":177}},"branchMap":{"0":{"loc":{"start":{"line":54,"column":8},"end":{"line":56,"column":39}},"type":"cond-expr","locations":[{"start":{"line":55,"column":12},"end":{"line":55,"column":64}},{"start":{"line":56,"column":12},"end":{"line":56,"column":39}}],"line":54},"1":{"loc":{"start":{"line":69,"column":4},"end":{"line":77,"column":5}},"type":"if","locations":[{"start":{"line":69,"column":4},"end":{"line":77,"column":5}},{"start":{"line":69,"column":4},"end":{"line":77,"column":5}}],"line":69},"2":{"loc":{"start":{"line":69,"column":8},"end":{"line":69,"column":33}},"type":"binary-expr","locations":[{"start":{"line":69,"column":8},"end":{"line":69,"column":21}},{"start":{"line":69,"column":25},"end":{"line":69,"column":33}}],"line":69},"3":{"loc":{"start":{"line":71,"column":11},"end":{"line":77,"column":5}},"type":"if","locations":[{"start":{"line":71,"column":11},"end":{"line":77,"column":5}},{"start":{"line":71,"column":11},"end":{"line":77,"column":5}}],"line":71},"4":{"loc":{"start":{"line":71,"column":15},"end":{"line":71,"column":35}},"type":"binary-expr","locations":[{"start":{"line":71,"column":15},"end":{"line":71,"column":24}},{"start":{"line":71,"column":28},"end":{"line":71,"column":35}}],"line":71},"5":{"loc":{"start":{"line":73,"column":11},"end":{"line":77,"column":5}},"type":"if","locations":[{"start":{"line":73,"column":11},"end":{"line":77,"column":5}},{"start":{"line":73,"column":11},"end":{"line":77,"column":5}}],"line":73},"6":{"loc":{"start":{"line":73,"column":15},"end":{"line":73,"column":37}},"type":"binary-expr","locations":[{"start":{"line":73,"column":15},"end":{"line":73,"column":25}},{"start":{"line":73,"column":29},"end":{"line":73,"column":37}}],"line":73},"7":{"loc":{"start":{"line":139,"column":6},"end":{"line":180,"column":7}},"type":"if","locations":[{"start":{"line":139,"column":6},"end":{"line":180,"column":7}},{"start":{"line":139,"column":6},"end":{"line":180,"column":7}}],"line":139},"8":{"loc":{"start":{"line":150,"column":13},"end":{"line":180,"column":7}},"type":"if","locations":[{"start":{"line":150,"column":13},"end":{"line":180,"column":7}},{"start":{"line":150,"column":13},"end":{"line":180,"column":7}}],"line":150},"9":{"loc":{"start":{"line":151,"column":8},"end":{"line":153,"column":46}},"type":"binary-expr","locations":[{"start":{"line":151,"column":9},"end":{"line":151,"column":30}},{"start":{"line":151,"column":35},"end":{"line":151,"column":41}},{"start":{"line":151,"column":45},"end":{"line":151,"column":52}},{"start":{"line":152,"column":9},"end":{"line":152,"column":16}},{"start":{"line":152,"column":20},"end":{"line":152,"column":40}},{"start":{"line":153,"column":9},"end":{"line":153,"column":16}},{"start":{"line":153,"column":20},"end":{"line":153,"column":45}}],"line":151},"10":{"loc":{"start":{"line":162,"column":13},"end":{"line":180,"column":7}},"type":"if","locations":[{"start":{"line":162,"column":13},"end":{"line":180,"column":7}},{"start":{"line":162,"column":13},"end":{"line":180,"column":7}}],"line":162},"11":{"loc":{"start":{"line":168,"column":13},"end":{"line":180,"column":7}},"type":"if","locations":[{"start":{"line":168,"column":13},"end":{"line":180,"column":7}},{"start":{"line":168,"column":13},"end":{"line":180,"column":7}}],"line":168},"12":{"loc":{"start":{"line":184,"column":6},"end":{"line":196,"column":7}},"type":"cond-expr","locations":[{"start":{"line":185,"column":8},"end":{"line":193,"column":10}},{"start":{"line":195,"column":8},"end":{"line":195,"column":52}}],"line":184},"13":{"loc":{"start":{"line":204,"column":2},"end":{"line":204,"column":66}},"type":"binary-expr","locations":[{"start":{"line":204,"column":2},"end":{"line":204,"column":33}},{"start":{"line":204,"column":37},"end":{"line":204,"column":66}}],"line":204}},"s":{"0":3,"1":3,"2":3,"3":2,"4":0,"5":3,"6":3,"7":0,"8":0,"9":1,"10":0,"11":0,"12":5,"13":5,"14":1,"15":1,"16":4,"17":1,"18":1,"19":3,"20":1,"21":1,"22":2,"23":1,"24":1,"25":1,"26":1,"27":1,"28":1,"29":1,"30":1,"31":1,"32":1,"33":1,"34":1,"35":11,"36":11,"37":12,"38":0,"39":0,"40":12,"41":0,"42":12,"43":2,"44":0,"45":10,"46":2,"47":0,"48":8,"49":0,"50":11,"51":11,"52":1},"f":{"0":3,"1":2,"2":0,"3":3,"4":0,"5":0,"6":1,"7":0,"8":0,"9":5,"10":1,"11":1,"12":1,"13":1,"14":1,"15":1,"16":1,"17":1,"18":1,"19":11,"20":12,"21":0,"22":0,"23":0,"24":0},"b":{"0":[0,0],"1":[1,4],"2":[5,4],"3":[1,3],"4":[4,3],"5":[1,2],"6":[3,2],"7":[0,12],"8":[0,12],"9":[12,2,2,12,0,12,0],"10":[2,10],"11":[2,8],"12":[6,5],"13":[1,1]},"_coverageSchema":"332fd63041d2c1bcb487cc26dd0d5f7d97098a6c","hash":"688ccde3f9ea8330e6a06e72b681ea4726ee47a4"}
}
