TN:
SF:/Users/aeden/Documents/projects/school/sweetcoffee2/src/coffeeUI.js
FN:6,(anonymous_0)
FNF:1
FNH:1
FNDA:3,(anonymous_0)
DA:6,2
DA:14,3
DA:16,3
DA:17,3
DA:19,3
DA:20,3
DA:21,3
DA:23,3
LF:8
LH:8
BRDA:19,0,0,0
BRDA:19,0,1,3
BRDA:20,1,0,0
BRDA:20,1,1,3
BRDA:21,2,0,0
BRDA:21,2,1,3
BRF:6
BRH:3
end_of_record
TN:
SF:/Users/aeden/Documents/projects/school/sweetcoffee2/src/errors.js
FN:3,(anonymous_0)
FNF:1
FNH:1
FNDA:1,(anonymous_0)
DA:3,2
DA:4,1
DA:6,1
DA:15,1
DA:17,1
DA:18,0
DA:19,1
DA:20,1
DA:23,1
DA:25,1
LF:10
LH:9
BRDA:17,0,0,0
BRDA:17,0,1,1
BRDA:19,1,0,1
BRDA:19,1,1,0
BRDA:19,2,0,1
BRDA:19,2,1,1
BRF:6
BRH:4
end_of_record
TN:
SF:/Users/aeden/Documents/projects/school/sweetcoffee2/src/index.js
FN:9,(anonymous_0)
FN:32,(anonymous_1)
FN:34,(anonymous_2)
FN:41,(anonymous_3)
FN:44,(anonymous_4)
FN:45,(anonymous_5)
FN:51,(anonymous_6)
FN:53,(anonymous_7)
FN:55,(anonymous_8)
FN:62,(anonymous_9)
FN:70,(anonymous_10)
FN:72,(anonymous_11)
FN:74,(anonymous_12)
FN:80,(anonymous_13)
FN:81,(anonymous_14)
FN:84,(anonymous_15)
FN:103,(anonymous_16)
FN:107,(anonymous_17)
FN:117,(anonymous_18)
FN:127,(anonymous_19)
FN:138,(anonymous_20)
FN:144,(anonymous_21)
FN:165,(anonymous_22)
FN:171,(anonymous_23)
FN:177,(anonymous_24)
FNF:25
FNH:16
FNDA:3,(anonymous_0)
FNDA:2,(anonymous_1)
FNDA:0,(anonymous_2)
FNDA:3,(anonymous_3)
FNDA:0,(anonymous_4)
FNDA:0,(anonymous_5)
FNDA:1,(anonymous_6)
FNDA:0,(anonymous_7)
FNDA:0,(anonymous_8)
FNDA:5,(anonymous_9)
FNDA:1,(anonymous_10)
FNDA:1,(anonymous_11)
FNDA:1,(anonymous_12)
FNDA:1,(anonymous_13)
FNDA:1,(anonymous_14)
FNDA:1,(anonymous_15)
FNDA:1,(anonymous_16)
FNDA:1,(anonymous_17)
FNDA:1,(anonymous_18)
FNDA:11,(anonymous_19)
FNDA:12,(anonymous_20)
FNDA:0,(anonymous_21)
FNDA:0,(anonymous_22)
FNDA:0,(anonymous_23)
FNDA:0,(anonymous_24)
DA:10,3
DA:11,3
DA:29,3
DA:33,2
DA:35,0
DA:42,3
DA:43,3
DA:45,0
DA:52,1
DA:54,0
DA:55,0
DA:68,5
DA:69,5
DA:70,1
DA:71,4
DA:72,1
DA:73,3
DA:74,1
DA:76,2
DA:81,1
DA:89,1
DA:90,1
DA:91,1
DA:92,1
DA:93,1
DA:103,1
DA:108,1
DA:109,1
DA:118,1
DA:119,1
DA:136,11
DA:138,11
DA:139,12
DA:140,0
DA:144,0
DA:150,12
DA:155,0
DA:162,12
DA:163,2
DA:165,0
DA:168,10
DA:169,2
DA:171,0
DA:175,8
DA:177,0
DA:184,11
DA:198,11
DA:202,1
LF:48
LH:38
BRDA:54,0,0,0
BRDA:54,0,1,0
BRDA:69,1,0,1
BRDA:69,1,1,4
BRDA:69,2,0,5
BRDA:69,2,1,4
BRDA:71,3,0,1
BRDA:71,3,1,3
BRDA:71,4,0,4
BRDA:71,4,1,3
BRDA:73,5,0,1
BRDA:73,5,1,2
BRDA:73,6,0,3
BRDA:73,6,1,2
BRDA:139,7,0,0
BRDA:139,7,1,12
BRDA:150,8,0,0
BRDA:150,8,1,12
BRDA:151,9,0,12
BRDA:151,9,1,2
BRDA:151,9,2,2
BRDA:151,9,3,12
BRDA:151,9,4,0
BRDA:151,9,5,12
BRDA:151,9,6,0
BRDA:162,10,0,2
BRDA:162,10,1,10
BRDA:168,11,0,2
BRDA:168,11,1,8
BRDA:184,12,0,6
BRDA:184,12,1,5
BRDA:204,13,0,1
BRDA:204,13,1,1
BRF:33
BRH:27
end_of_record
